[gp-gate] 1/120 tasks | CAND 0 - 1 CHAMP (draws 0)
[gp-gate] 2/120 tasks | CAND 1 - 1 CHAMP (draws 0)
[gp-gate] 3/120 tasks | CAND 2 - 1 CHAMP (draws 0)
[gp-gate] 4/120 tasks | CAND 2 - 1 CHAMP (draws 1)
[gp-gate] 5/120 tasks | CAND 2 - 2 CHAMP (draws 1)
[gp-gate] 6/120 tasks | CAND 3 - 2 CHAMP (draws 1)
[gp-gate] 7/120 tasks | CAND 3 - 3 CHAMP (draws 1)
[gp-gate] 8/120 tasks | CAND 4 - 3 CHAMP (draws 1)
[gp-gate] 9/120 tasks | CAND 5 - 3 CHAMP (draws 1)
[gp-gate] 10/120 tasks | CAND 5 - 3 CHAMP (draws 2)
[gp-gate] 11/120 tasks | CAND 5 - 4 CHAMP (draws 2)
[gp-gate] 12/120 tasks | CAND 5 - 5 CHAMP (draws 2)
[gp-gate] 13/120 tasks | CAND 5 - 6 CHAMP (draws 2)
[gp-gate] 14/120 tasks | CAND 6 - 6 CHAMP (draws 2)
[gp-gate] 15/120 tasks | CAND 6 - 6 CHAMP (draws 3)
[gp-gate] 16/120 tasks | CAND 7 - 6 CHAMP (draws 3)
[gp-gate] 17/120 tasks | CAND 7 - 7 CHAMP (draws 3)
[gp-gate] 18/120 tasks | CAND 8 - 7 CHAMP (draws 3)
[gp-gate] 19/120 tasks | CAND 9 - 7 CHAMP (draws 3)
[gp-gate] 20/120 tasks | CAND 9 - 7 CHAMP (draws 4)
[gp-gate] 21/120 tasks | CAND 9 - 7 CHAMP (draws 5)
[gp-gate] 22/120 tasks | CAND 9 - 7 CHAMP (draws 6)
[gp-gate] 23/120 tasks | CAND 10 - 7 CHAMP (draws 6)
[gp-gate] 24/120 tasks | CAND 10 - 7 CHAMP (draws 7)
[gp-gate] 25/120 tasks | CAND 10 - 7 CHAMP (draws 8)
[gp-gate] 26/120 tasks | CAND 11 - 7 CHAMP (draws 8)
[gp-gate] 27/120 tasks | CAND 12 - 7 CHAMP (draws 8)
[gp-gate] 28/120 tasks | CAND 12 - 8 CHAMP (draws 8)
[gp-gate] 29/120 tasks | CAND 12 - 9 CHAMP (draws 8)
[gp-gate] 30/120 tasks | CAND 12 - 10 CHAMP (draws 8)
[gp-gate] 31/120 tasks | CAND 13 - 10 CHAMP (draws 8)
[gp-gate] 32/120 tasks | CAND 13 - 10 CHAMP (draws 9)
[gp-gate] 33/120 tasks | CAND 14 - 10 CHAMP (draws 9)
[gp-gate] 34/120 tasks | CAND 15 - 10 CHAMP (draws 9)
[gp-gate] 35/120 tasks | CAND 15 - 11 CHAMP (draws 9)
[gp-gate] 36/120 tasks | CAND 15 - 11 CHAMP (draws 10)
[gp-gate] 37/120 tasks | CAND 15 - 11 CHAMP (draws 11)
[gp-gate] 38/120 tasks | CAND 15 - 12 CHAMP (draws 11)
[gp-gate] 39/120 tasks | CAND 15 - 12 CHAMP (draws 12)
[gp-gate] 40/120 tasks | CAND 16 - 12 CHAMP (draws 12)
[gp-gate] 41/120 tasks | CAND 16 - 13 CHAMP (draws 12)
[gp-gate] 42/120 tasks | CAND 16 - 14 CHAMP (draws 12)
[gp-gate] 43/120 tasks | CAND 17 - 14 CHAMP (draws 12)
[gp-gate] 44/120 tasks | CAND 17 - 15 CHAMP (draws 12)
[gp-gate] 45/120 tasks | CAND 17 - 15 CHAMP (draws 13)
[gp-gate] 46/120 tasks | CAND 18 - 15 CHAMP (draws 13)
[gp-gate] 47/120 tasks | CAND 18 - 16 CHAMP (draws 13)
[gp-gate] 48/120 tasks | CAND 18 - 17 CHAMP (draws 13)
[gp-gate] 49/120 tasks | CAND 18 - 17 CHAMP (draws 14)
[gp-gate] 50/120 tasks | CAND 19 - 17 CHAMP (draws 14)
[gp-gate] 51/120 tasks | CAND 20 - 17 CHAMP (draws 14)
[gp-gate] 52/120 tasks | CAND 21 - 17 CHAMP (draws 14)
[gp-gate] 53/120 tasks | CAND 21 - 17 CHAMP (draws 15)
[gp-gate] 54/120 tasks | CAND 22 - 17 CHAMP (draws 15)
[gp-gate] 55/120 tasks | CAND 22 - 17 CHAMP (draws 16)
[gp-gate] 56/120 tasks | CAND 23 - 17 CHAMP (draws 16)
[gp-gate] 57/120 tasks | CAND 24 - 17 CHAMP (draws 16)
[gp-gate] 58/120 tasks | CAND 25 - 17 CHAMP (draws 16)
[gp-gate] 59/120 tasks | CAND 25 - 18 CHAMP (draws 16)
[gp-gate] 60/120 tasks | CAND 25 - 18 CHAMP (draws 16)
[gp-gate] 61/120 tasks | CAND 25 - 19 CHAMP (draws 16)
[gp-gate] 62/120 tasks | CAND 25 - 20 CHAMP (draws 16)
[gp-gate] 63/120 tasks | CAND 25 - 21 CHAMP (draws 16)
[gp-gate] 64/120 tasks | CAND 25 - 22 CHAMP (draws 16)
[gp-gate] 65/120 tasks | CAND 26 - 22 CHAMP (draws 16)
[gp-gate] 66/120 tasks | CAND 26 - 22 CHAMP (draws 17)
[gp-gate] 67/120 tasks | CAND 26 - 23 CHAMP (draws 17)
[gp-gate] 68/120 tasks | CAND 27 - 23 CHAMP (draws 17)
[gp-gate] 69/120 tasks | CAND 28 - 23 CHAMP (draws 17)
[gp-gate] 70/120 tasks | CAND 29 - 23 CHAMP (draws 17)
[gp-gate] 71/120 tasks | CAND 29 - 23 CHAMP (draws 18)
[gp-gate] 72/120 tasks | CAND 30 - 23 CHAMP (draws 18)
[gp-gate] 73/120 tasks | CAND 30 - 23 CHAMP (draws 19)
[gp-gate] 74/120 tasks | CAND 30 - 23 CHAMP (draws 20)
[gp-gate] 75/120 tasks | CAND 30 - 24 CHAMP (draws 20)
[gp-gate] 76/120 tasks | CAND 30 - 25 CHAMP (draws 20)
[gp-gate] 77/120 tasks | CAND 30 - 26 CHAMP (draws 20)
[gp-gate] 78/120 tasks | CAND 30 - 27 CHAMP (draws 20)
[gp-gate] 79/120 tasks | CAND 30 - 28 CHAMP (draws 20)
[gp-gate] 80/120 tasks | CAND 30 - 28 CHAMP (draws 21)
[gp-gate] 81/120 tasks | CAND 31 - 28 CHAMP (draws 21)
[gp-gate] 82/120 tasks | CAND 31 - 29 CHAMP (draws 21)
[gp-gate] 83/120 tasks | CAND 31 - 30 CHAMP (draws 21)
[gp-gate] 84/120 tasks | CAND 32 - 30 CHAMP (draws 21)
[gp-gate] 85/120 tasks | CAND 33 - 30 CHAMP (draws 21)
[gp-gate] 86/120 tasks | CAND 33 - 31 CHAMP (draws 21)
[gp-gate] 87/120 tasks | CAND 33 - 32 CHAMP (draws 21)
[gp-gate] 88/120 tasks | CAND 34 - 32 CHAMP (draws 21)
[gp-gate] 89/120 tasks | CAND 34 - 32 CHAMP (draws 21)
[gp-gate] 90/120 tasks | CAND 35 - 32 CHAMP (draws 21)
[gp-gate] 91/120 tasks | CAND 36 - 32 CHAMP (draws 21)
[gp-gate] 92/120 tasks | CAND 36 - 33 CHAMP (draws 21)
[gp-gate] 93/120 tasks | CAND 36 - 33 CHAMP (draws 22)
[gp-gate] 94/120 tasks | CAND 36 - 33 CHAMP (draws 23)
[gp-gate] 95/120 tasks | CAND 36 - 34 CHAMP (draws 23)
[gp-gate] 96/120 tasks | CAND 37 - 34 CHAMP (draws 23)
[gp-gate] 97/120 tasks | CAND 37 - 35 CHAMP (draws 23)
[gp-gate] 98/120 tasks | CAND 37 - 36 CHAMP (draws 23)
[gp-gate] 99/120 tasks | CAND 38 - 36 CHAMP (draws 23)
[gp-gate] 100/120 tasks | CAND 38 - 36 CHAMP (draws 24)
[gp-gate] 101/120 tasks | CAND 39 - 36 CHAMP (draws 24)
[gp-gate] 102/120 tasks | CAND 40 - 36 CHAMP (draws 24)
[gp-gate] 103/120 tasks | CAND 40 - 36 CHAMP (draws 25)
[gp-gate] 104/120 tasks | CAND 40 - 37 CHAMP (draws 25)
[gp-gate] 105/120 tasks | CAND 40 - 38 CHAMP (draws 25)
[gp-gate] 106/120 tasks | CAND 40 - 38 CHAMP (draws 26)
[gp-gate] 107/120 tasks | CAND 41 - 38 CHAMP (draws 26)
[gp-gate] 108/120 tasks | CAND 41 - 38 CHAMP (draws 27)
[gp-gate] 109/120 tasks | CAND 42 - 38 CHAMP (draws 27)
[gp-gate] 110/120 tasks | CAND 42 - 38 CHAMP (draws 28)
[gp-gate] 111/120 tasks | CAND 42 - 39 CHAMP (draws 28)
[gp-gate] 112/120 tasks | CAND 42 - 39 CHAMP (draws 29)
[gp-gate] 113/120 tasks | CAND 42 - 40 CHAMP (draws 29)
[gp-gate] 114/120 tasks | CAND 43 - 40 CHAMP (draws 29)
[gp-gate] 115/120 tasks | CAND 44 - 40 CHAMP (draws 29)
[gp-gate] 116/120 tasks | CAND 44 - 40 CHAMP (draws 30)
[gp-gate] 117/120 tasks | CAND 45 - 40 CHAMP (draws 30)
[gp-gate] 118/120 tasks | CAND 45 - 41 CHAMP (draws 30)
[gp-gate] 119/120 tasks | CAND 45 - 41 CHAMP (draws 31)
[gp-gate] 120/120 tasks | CAND 45 - 42 CHAMP (draws 31)

================ CC GAMEPLAY GATE RESULT ================
candidate: outputs/models/cc_warm4/iql_gameplay.pt
champion:  outputs/models/cc_warm3/iql_gameplay.pt
tasks played: 120 (skipped illegal: 0) | walltime 24396s
CAND wins:  45
CHAMP wins: 42
draws:      31 (ignored)
CAND decisive winrate: 51.7% +/- 5.4% (of 87 decisive games)
VERDICT: PROMOTE cand
