[warm-start] using existing models: gameplay=outputs\models\gameplay\latest.pt draft=outputs\models\draft\latest.pt

############ ITERATION 0 ############
  parallel workers: 8 -> ['http://localhost:8000', 'http://localhost:8001', 'http://localhost:8002', 'http://localhost:8003', 'http://localhost:8004', 'http://localhost:8005', 'http://localhost:8006', 'http://localhost:8007']
  gameplay bot: IQL @ outputs\models\gameplay\latest.pt (epsilon=0.15 temp=0.5)
  draft bot: IQL @ outputs\models\draft\latest.pt
C:\Users\Joseph\AppData\Local\Programs\Python\Python312\Lib\site-packages\torch\nn\modules\transformer.py:409: UserWarning: The PyTorch API of nested tensors is in prototype stage and will change in the near future. (Triggered internally at C:\actions-runner\_work\pytorch\pytorch\builder\windows\pytorch\aten\src\ATen\NestedTensorImpl.cpp:180.)
  output = torch._nested_tensor_from_mask(output, src_key_padding_mask.logical_not(), mask_check=False)
  [t_c00083000_721b0c_pod000] A vs G: 7-3 (draws=0, games=10) -> A
  [t_c00083000_721b0c_pod000] A vs C: 7-0 (draws=3, games=10) -> A
  [t_c00083000_721b0c_pod000] A vs D: 3-6 (draws=1, games=10) -> D
  [t_c00083000_721b0c_pod000] B vs C: 6-4 (draws=0, games=10) -> B
  [t_c00083000_721b0c_pod000] A vs B: 0-8 (draws=2, games=10) -> B
  [t_c00083000_721b0c_pod000] A vs E: 6-4 (draws=0, games=10) -> A
  [t_c00083000_721b0c_pod000] A vs F: 6-2 (draws=2, games=10) -> A
  [t_c00083000_721b0c_pod000] B vs D: 6-2 (draws=2, games=10) -> B
  [t_c00083000_721b0c_pod000] B vs G: 6-3 (draws=1, games=10) -> B
  [t_c00083000_721b0c_pod000] B vs E: 8-2 (draws=0, games=10) -> B
  [t_c00083000_721b0c_pod000] B vs F: 7-2 (draws=1, games=10) -> B
  [t_c00083000_721b0c_pod000] C vs D: 2-8 (draws=0, games=10) -> D
  [t_c00083000_721b0c_pod000] B vs H: 10-0 (draws=0, games=10) -> B
  [t_c00083000_721b0c_pod000] C vs E: 3-7 (draws=0, games=10) -> E
  [t_c00083000_721b0c_pod000] C vs F: 1-9 (draws=0, games=10) -> F
  [t_c00083000_721b0c_pod000] C vs H: 4-5 (draws=1, games=10) -> H
  [t_c00083000_721b0c_pod000] D vs E: 6-3 (draws=1, games=10) -> D
  [t_c00083000_721b0c_pod000] C vs G: 2-3 (draws=9, games=14) -> G [win-by-2]
  [t_c00083000_721b0c_pod000] D vs G: 8-2 (draws=0, games=10) -> D
  [t_c00083000_721b0c_pod000] D vs F: 3-4 (draws=3, games=10) -> F
  [t_c00083000_721b0c_pod000] D vs H: 4-3 (draws=3, games=10) -> D
  [t_c00083000_721b0c_pod000] E vs G: 3-7 (draws=0, games=10) -> G
  [t_c00083000_721b0c_pod000] F vs G: 4-6 (draws=0, games=10) -> G
  [t_c00083000_721b0c_pod000] E vs F: 4-6 (draws=0, games=10) -> F
  [t_c00083000_721b0c_pod000] G vs H: 7-3 (draws=0, games=10) -> G
  [t_c00083000_721b0c_pod000] E vs H: 3-7 (draws=0, games=10) -> H
  [t_c00083000_721b0c_pod000] A vs H: 6-4 (draws=0, games=10) -> A
  [t_c00083000_721b0c_pod000] F vs H: 6-1 (draws=3, games=10) -> F
Round-robin t_c00083000_721b0c_pod000 (seed=291237897)
rank  label player                            pairW-L-D    gameW-L-D
   1  B     c00083000_721b0c_pod000_zyggy_se      7-0-0      51-13-6
   2  D     c00083000_721b0c_pod000_aurora_e      5-2-0     37-23-10
   3  A     c00083000_721b0c_pod000_zyggy_se      5-2-0      35-27-8
   4  F     c00083000_721b0c_pod000_zyggy_se      4-3-0      33-28-9
   5  G     c00083000_721b0c_pod000_oscilio_      4-3-0     31-33-10
   6  H     c00083000_721b0c_pod000_zyggy_se      2-5-0      23-40-7
   7  E     c00083000_721b0c_pod000_aurora_e      1-6-0      26-43-1
   8  C     c00083000_721b0c_pod000_oscilio_      0-7-0     16-45-13
Round-robin t_c00083000_721b0c_pod000 (seed=291237897)
rank  label player                            pairW-L-D    gameW-L-D
   1  B     c00083000_721b0c_pod000_zyggy_se      7-0-0      51-13-6
   2  D     c00083000_721b0c_pod000_aurora_e      5-2-0     37-23-10
   3  A     c00083000_721b0c_pod000_zyggy_se      5-2-0      35-27-8
   4  F     c00083000_721b0c_pod000_zyggy_se      4-3-0      33-28-9
   5  G     c00083000_721b0c_pod000_oscilio_      4-3-0     31-33-10
   6  H     c00083000_721b0c_pod000_zyggy_se      2-5-0      23-40-7
   7  E     c00083000_721b0c_pod000_aurora_e      1-6-0      26-43-1
   8  C     c00083000_721b0c_pod000_oscilio_      0-7-0     16-45-13
  champion: c00083000_721b0c_pod000_zyggy_seat1

--- training (window=all) after iter 0 ---
[iql-gameplay] 69309 transitions | |vocab|=241 | shaped=True window=all
[iql-gameplay] card attributes ON (dim=22)
  step      0 loss=0.7294 (v=0.0030 q=0.0114 pi=0.7150)
  step    400 loss=0.3302 (v=0.0001 q=0.0003 pi=0.3298)
  step    800 loss=0.3944 (v=0.0001 q=0.0003 pi=0.3941)
  step   1200 loss=0.3487 (v=0.0001 q=0.0002 pi=0.3484)
  step   1600 loss=0.2628 (v=0.0000 q=0.0002 pi=0.2626)
  step   2000 loss=0.2875 (v=0.0001 q=0.0006 pi=0.2867)
  step   2400 loss=0.3026 (v=0.0001 q=0.0003 pi=0.3023)
  step   2800 loss=0.3055 (v=0.0001 q=0.0004 pi=0.3051)
  step   3200 loss=0.2973 (v=0.0001 q=0.0005 pi=0.2967)
  step   3600 loss=0.2687 (v=0.0001 q=0.0006 pi=0.2680)
  step   3999 loss=0.3257 (v=0.0001 q=0.0004 pi=0.3252)
[iql-gameplay] saved -> outputs\models\_staging\iql_gameplay.pt (final loss 0.3257)
[iql-draft] 1008 pick transitions | |vocab|=200 | attn(emb=48,heads=4,layers=2) | window=all
[iql-draft] card attributes ON (dim=22)
  step      0 loss=1.4851 (v=0.2904 q=1.0030 pi=0.1917)
  step    300 loss=1.2558 (v=0.0024 q=0.0145 pi=1.2389)
  step    600 loss=0.6380 (v=0.0021 q=0.0081 pi=0.6278)
  step    900 loss=0.1742 (v=0.0014 q=0.0076 pi=0.1651)
  step   1200 loss=0.0364 (v=0.0015 q=0.0068 pi=0.0282)
  step   1500 loss=0.0370 (v=0.0015 q=0.0128 pi=0.0227)
  step   1800 loss=0.0409 (v=0.0016 q=0.0072 pi=0.0321)
  step   2100 loss=0.0329 (v=0.0038 q=0.0066 pi=0.0226)
  step   2400 loss=0.0255 (v=0.0010 q=0.0063 pi=0.0182)
  step   2700 loss=0.0264 (v=0.0011 q=0.0019 pi=0.0234)
  step   2999 loss=0.0188 (v=0.0109 q=0.0018 pi=0.0061)
[iql-draft] saved -> outputs\models\_staging\iql_draft.pt (final loss 0.0188)
iteration 0 done in 3541s; gameplay=outputs\models\gameplay\latest.pt draft=outputs\models\draft\latest.pt
