
############ ITERATION 0 ############
  parallel workers: 16 -> ['http://localhost:8000', 'http://localhost:8001', 'http://localhost:8002', 'http://localhost:8003', 'http://localhost:8004', 'http://localhost:8005', 'http://localhost:8006', 'http://localhost:8007', 'http://localhost:8008', 'http://localhost:8009', 'http://localhost:8010', 'http://localhost:8011', 'http://localhost:8012', 'http://localhost:8013', 'http://localhost:8014', 'http://localhost:8015']
  [t_c00060008_f0ae43_pod000] A vs D: 2-6 (draws=2, games=10) -> D
  [t_c00060008_f0ae43_pod000] A vs F: 9-1 (draws=0, games=10) -> A
  [t_c00060008_f0ae43_pod000] A vs E: 8-2 (draws=0, games=10) -> A
  [t_c00060008_f0ae43_pod000] B vs F: 4-2 (draws=4, games=10) -> B
  [t_c00060008_f0ae43_pod000] A vs H: 4-5 (draws=1, games=10) -> H
  [t_c00060008_f0ae43_pod000] A vs B: 6-4 (draws=0, games=10) -> A
  [t_c00060008_f0ae43_pod000] B vs D: 3-7 (draws=0, games=10) -> D
  [t_c00060008_f0ae43_pod000] A vs C: 6-2 (draws=2, games=10) -> A
  [t_c00060008_f0ae43_pod000] B vs G: 3-7 (draws=0, games=10) -> G
  [t_c00060008_f0ae43_pod000] A vs G: 2-7 (draws=1, games=10) -> G
  [t_c00060008_f0ae43_pod000] B vs E: 4-5 (draws=3, games=12) -> E [win-by-2]
  [t_c00060008_f0ae43_pod000] C vs D: 1-8 (draws=1, games=10) -> D
  [t_c00060008_f0ae43_pod000] C vs F: 7-2 (draws=1, games=10) -> C
  [t_c00060008_f0ae43_pod000] C vs E: 0-6 (draws=4, games=10) -> E
  [t_c00060008_f0ae43_pod000] B vs C: 7-2 (draws=1, games=10) -> B
  [t_c00060008_f0ae43_pod000] D vs G: 5-4 (draws=1, games=10) -> D
  [t_c00060008_f0ae43_pod000] E vs F: 2-3 (draws=5, games=10) -> F
  [t_c00060008_f0ae43_pod000] D vs E: 6-2 (draws=2, games=10) -> D
  [t_c00060008_f0ae43_pod000] D vs F: 8-1 (draws=1, games=10) -> D
  [t_c00060008_f0ae43_pod000] E vs G: 1-9 (draws=0, games=10) -> G
  [t_c00060008_f0ae43_pod000] F vs H: 2-4 (draws=4, games=10) -> H
  [t_c00060008_f0ae43_pod000] F vs G: 1-8 (draws=1, games=10) -> G
  [t_c00060008_f0ae43_pod000] E vs H: 7-0 (draws=3, games=10) -> E
  [t_c00060008_f0ae43_pod000] C vs G: 2-8 (draws=0, games=10) -> G
  [t_c00060008_f0ae43_pod000] C vs H: 6-4 (draws=0, games=10) -> C
  [t_c00060008_f0ae43_pod000] B vs H: 3-4 (draws=3, games=10) -> H
  [t_c00060008_f0ae43_pod000] D vs H: 9-1 (draws=0, games=10) -> D
  [t_c00060008_f0ae43_pod000] G vs H: 10-0 (draws=0, games=10) -> G
Round-robin t_c00060008_f0ae43_pod000 (seed=832771186)
rank  label player                            pairW-L-D    gameW-L-D
   1  D     c00060008_f0ae43_pod000_aurora_e      7-0-0      49-14-7
   2  G     c00060008_f0ae43_pod000_zyggy_se      6-1-0      53-14-3
   3  A     c00060008_f0ae43_pod000_aurora_e      4-3-0      37-27-6
   4  E     c00060008_f0ae43_pod000_oscilio_      3-4-0     25-30-17
   5  H     c00060008_f0ae43_pod000_oscilio_      3-4-0     18-41-11
   6  B     c00060008_f0ae43_pod000_oscilio_      2-5-0     28-33-11
   7  C     c00060008_f0ae43_pod000_aurora_e      2-5-0      20-41-9
   8  F     c00060008_f0ae43_pod000_oscilio_      1-6-0     12-42-16
Round-robin t_c00060008_f0ae43_pod000 (seed=832771186)
rank  label player                            pairW-L-D    gameW-L-D
   1  D     c00060008_f0ae43_pod000_aurora_e      7-0-0      49-14-7
   2  G     c00060008_f0ae43_pod000_zyggy_se      6-1-0      53-14-3
   3  A     c00060008_f0ae43_pod000_aurora_e      4-3-0      37-27-6
   4  E     c00060008_f0ae43_pod000_oscilio_      3-4-0     25-30-17
   5  H     c00060008_f0ae43_pod000_oscilio_      3-4-0     18-41-11
   6  B     c00060008_f0ae43_pod000_oscilio_      2-5-0     28-33-11
   7  C     c00060008_f0ae43_pod000_aurora_e      2-5-0      20-41-9
   8  F     c00060008_f0ae43_pod000_oscilio_      1-6-0     12-42-16
  champion: c00060008_f0ae43_pod000_aurora_emissary_of_lightning_seat3

--- training (window=all) after iter 0 ---
[iql-gameplay] 220314 transitions | |vocab|=171 | shaped=True window=all
  step      0 loss=0.5687 (v=0.0336 q=0.0427 pi=0.4924)
  step    400 loss=0.0643 (v=0.0002 q=0.0008 pi=0.0633)
  step    800 loss=0.0380 (v=0.0001 q=0.0003 pi=0.0377)
  step   1200 loss=0.0619 (v=0.0001 q=0.0003 pi=0.0616)
  step   1600 loss=0.0629 (v=0.0001 q=0.0001 pi=0.0626)
  step   2000 loss=0.0592 (v=0.0000 q=0.0001 pi=0.0591)
  step   2400 loss=0.0710 (v=0.0000 q=0.0001 pi=0.0709)
  step   2800 loss=0.0461 (v=0.0000 q=0.0000 pi=0.0460)
  step   3200 loss=0.0776 (v=0.0000 q=0.0000 pi=0.0775)
  step   3600 loss=0.0535 (v=0.0002 q=0.0001 pi=0.0532)
  step   3999 loss=0.0488 (v=0.0000 q=0.0000 pi=0.0487)
[iql-gameplay] saved -> outputs\models\_staging\iql_gameplay.pt (final loss 0.0488)
[iql-draft] 840 pick transitions | |vocab|=174 | window=all
  step      0 loss=2.0824 (v=0.0026 q=0.0079 pi=2.0719)
  step    300 loss=1.0099 (v=0.0010 q=0.0027 pi=1.0062)
  step    600 loss=0.2954 (v=0.0004 q=0.0004 pi=0.2946)
  step    900 loss=0.0698 (v=0.0005 q=0.0010 pi=0.0682)
  step   1200 loss=0.0229 (v=0.0003 q=0.0014 pi=0.0211)
  step   1500 loss=0.0082 (v=0.0002 q=0.0001 pi=0.0079)
  step   1800 loss=0.0263 (v=0.0003 q=0.0001 pi=0.0260)
  step   2100 loss=0.0090 (v=0.0002 q=0.0007 pi=0.0081)
  step   2400 loss=0.0025 (v=0.0003 q=0.0004 pi=0.0019)
  step   2700 loss=0.0081 (v=0.0001 q=0.0005 pi=0.0075)
  step   2999 loss=0.0078 (v=0.0003 q=0.0007 pi=0.0068)
[iql-draft] saved -> outputs\models\_staging\iql_draft.pt (final loss 0.0078)
iteration 0 done in 2227s; gameplay=outputs\models\gameplay\latest.pt draft=outputs\models\draft\latest.pt
