--- game_id=777777582843747 seed=777777 ---
{"init_phase": "M", "init_priority": 1}
{"step": 0, "priority": 1, "phase": "M", "chosen_id": 1, "chosen_type": "PLAY_FROM_HAND", "chosen_card": "cosmic_duality_blue", "n_legal": 3}
{"step": 1, "priority": 1, "phase": "BUTTONINPUT", "chosen_id": 3, "chosen_type": "PASS", "chosen_card": null, "n_legal": 3}
{"step": 2, "priority": 1, "phase": "BUTTONINPUT", "chosen_id": 3, "chosen_type": "PASS", "chosen_card": null, "n_legal": 3}
{"step": 3, "priority": 1, "phase": "BUTTONINPUT", "chosen_id": 1, "chosen_type": "DECISION", "chosen_card": null, "n_legal": 3}
{"step": 4, "priority": 1, "phase": "P", "chosen_id": 2, "chosen_type": "PLAY_FROM_HAND", "chosen_card": "cracked_bauble_yellow", "n_legal": 4}
{"step": 5, "priority": 1, "phase": "INSTANT", "chosen_id": 1, "chosen_type": "PASS", "chosen_card": null, "n_legal": 1}
{"step": 6, "priority": 2, "phase": "INSTANT", "chosen_id": 1, "chosen_type": "PASS", "chosen_card": null, "n_legal": 1}
{"step": 7, "priority": 1, "phase": "M", "chosen_id": 2, "chosen_type": "PASS", "chosen_card": null, "n_legal": 2}
{"step": 8, "priority": 1, "phase": "INSTANT", "chosen_id": 1, "chosen_type": "PASS", "chosen_card": null, "n_legal": 1}
{"step": 9, "priority": 2, "phase": "INSTANT", "chosen_id": 1, "chosen_type": "PASS", "chosen_card": null, "n_legal": 1}
{"step": 10, "priority": 1, "phase": "ARS", "chosen_id": 1, "chosen_type": "PASS", "chosen_card": null, "n_legal": 1}
{"step": 11, "priority": 2, "phase": "M", "chosen_id": 1, "chosen_type": "PLAY_FROM_HAND", "chosen_card": "destructive_fleetfoot_red", "n_legal": 3}
{"step": 12, "priority": 2, "phase": "INSTANT", "chosen_id": 1, "chosen_type": "PASS", "chosen_card": null, "n_legal": 1}
{"step": 13, "priority": 1, "phase": "INSTANT", "chosen_id": 1, "chosen_type": "PASS", "chosen_card": null, "n_legal": 1}
{"step": 14, "priority": 1, "phase": "B", "chosen_id": 4, "chosen_type": "PASS", "chosen_card": null, "n_legal": 4}
{"step": 15, "priority": 2, "phase": "A", "chosen_id": 1, "chosen_type": "PLAY_FROM_HAND", "chosen_card": "thunderous_retort_red", "n_legal": 2}
{"step": 16, "priority": 1, "phase": "INSTANT", "chosen_id": 1, "chosen_type": "PASS", "chosen_card": null, "n_legal": 1}
{"step": 17, "priority": 2, "phase": "A", "chosen_id": 1, "chosen_type": "PASS", "chosen_card": null, "n_legal": 1}
{"step": 18, "priority": 1, "phase": "D", "chosen_id": 2, "chosen_type": "PASS", "chosen_card": null, "n_legal": 2}
{"step": 19, "priority": 1, "phase": "INSTANT", "chosen_id": 1, "chosen_type": "PASS", "chosen_card": null, "n_legal": 1}
{"step": 20, "priority": 1, "phase": "INSTANT", "chosen_id": 1, "chosen_type": "PASS", "chosen_card": null, "n_legal": 1}
{"step": 21, "priority": 1, "phase": "INSTANT", "chosen_id": 1, "chosen_type": "PASS", "chosen_card": null, "n_legal": 1}
{"step": 22, "priority": 1, "phase": "INSTANT", "chosen_id": 1, "chosen_type": "PASS", "chosen_card": null, "n_legal": 1}
{"step": 23, "priority": 2, "phase": "ARS", "chosen_id": 1, "chosen_type": "PASS", "chosen_card": null, "n_legal": 1}
{"step": 24, "priority": 1, "phase": "M", "chosen_id": 1, "chosen_type": "PLAY_FROM_HAND", "chosen_card": "clear_conscience_blue", "n_legal": 4}
{"step": 25, "priority": 1, "phase": "P", "chosen_id": 2, "chosen_type": "PLAY_FROM_HAND", "chosen_card": "electrolyze_blue", "n_legal": 4}
{"step": 26, "priority": 1, "phase": "INSTANT", "chosen_id": 1, "chosen_type": "PASS", "chosen_card": null, "n_legal": 1}
{"step": 27, "priority": 2, "phase": "INSTANT", "chosen_id": 1, "chosen_type": "PASS", "chosen_card": null, "n_legal": 1}
{"step": 28, "priority": 2, "phase": "B", "chosen_id": 1, "chosen_type": "PLAY_FROM_HAND", "chosen_card": "mercurial_skies_red", "n_legal": 2}
{"step": 29, "priority": 2, "phase": "B", "chosen_id": 1, "chosen_type": "PASS", "chosen_card": null, "n_legal": 1}
{"step": 30, "priority": 1, "phase": "INSTANT", "chosen_id": 1, "chosen_type": "PASS", "chosen_card": null, "n_legal": 1}
{"step": 31, "priority": 2, "phase": "INSTANT", "chosen_id": 1, "chosen_type": "PASS", "chosen_card": null, "n_legal": 1}
{"step": 32, "priority": 1, "phase": "A", "chosen_id": 1, "chosen_type": "PASS", "chosen_card": null, "n_legal": 1}
{"step": 33, "priority": 2, "phase": "D", "chosen_id": 1, "chosen_type": "PLAY_FROM_HAND", "chosen_card": "cosmic_flare_red", "n_legal": 2}
{"step": 34, "priority": 1, "phase": "INSTANT", "chosen_id": 1, "chosen_type": "PASS", "chosen_card": null, "n_legal": 1}
{"step": 35, "priority": 1, "phase": "A", "chosen_id": 1, "chosen_type": "PASS", "chosen_card": null, "n_legal": 1}
{"step": 36, "priority": 2, "phase": "D", "chosen_id": 1, "chosen_type": "PASS", "chosen_card": null, "n_legal": 1}
{"step": 37, "priority": 1, "phase": "INSTANT", "chosen_id": 1, "chosen_type": "PASS", "chosen_card": null, "n_legal": 1}
{"step": 38, "priority": 2, "phase": "INSTANT", "chosen_id": 1, "chosen_type": "PASS", "chosen_card": null, "n_legal": 1}
{"step": 39, "priority": 1, "phase": "CHOOSEMULTIZONE", "chosen_id": 2, "chosen_type": "CHOOSE_CHOOSEMULTIZONE", "chosen_card": "MYHAND-1", "n_legal": 3}
{"step": 40, "priority": 2, "phase": "CHOOSEMULTIZONE", "chosen_id": 2, "chosen_type": "CHOOSE_CHOOSEMULTIZONE", "chosen_card": "MYHAND-1", "n_legal": 3}
{"step": 41, "priority": 1, "phase": "INSTANT", "chosen_id": 1, "chosen_type": "PASS", "chosen_card": null, "n_legal": 1}
{"step": 42, "priority": 2, "phase": "INSTANT", "chosen_id": 1, "chosen_type": "PASS", "chosen_card": null, "n_legal": 1}
{"step": 43, "priority": 1, "phase": "M", "chosen_id": 1, "chosen_type": "PASS", "chosen_card": null, "n_legal": 1}
{"step": 44, "priority": 2, "phase": "INSTANT", "chosen_id": 1, "chosen_type": "PASS", "chosen_card": null, "n_legal": 1}
{"step": 45, "priority": 1, "phase": "M", "chosen_id": 1, "chosen_type": "PASS", "chosen_card": null, "n_legal": 1}
{"step": 46, "priority": 1, "phase": "INSTANT", "chosen_id": 1, "chosen_type": "PASS", "chosen_card": null, "n_legal": 1}
{"step": 47, "priority": 2, "phase": "INSTANT", "chosen_id": 1, "chosen_type": "PASS", "chosen_card": null, "n_legal": 1}
{"step": 48, "priority": 1, "phase": "ARS", "chosen_id": 1, "chosen_type": "PASS", "chosen_card": null, "n_legal": 1}
{"step": 49, "priority": 1, "phase": "INSTANT", "chosen_id": 1, "chosen_type": "PASS", "chosen_card": null, "n_legal": 1}
{"step": 50, "priority": 2, "phase": "M", "chosen_id": 1, "chosen_type": "PASS", "chosen_card": null, "n_legal": 1}
{"step": 51, "priority": 2, "phase": "INSTANT", "chosen_id": 1, "chosen_type": "PASS", "chosen_card": null, "n_legal": 1}
{"step": 52, "priority": 1, "phase": "INSTANT", "chosen_id": 1, "chosen_type": "PASS", "chosen_card": null, "n_legal": 1}
{"step": 53, "priority": 2, "phase": "ARS", "chosen_id": 1, "chosen_type": "PASS", "chosen_card": null, "n_legal": 1}
{"step": 54, "priority": 1, "phase": "M", "chosen_id": 2, "chosen_type": "PASS", "chosen_card": null, "n_legal": 2}
{"step": 55, "priority": 1, "phase": "INSTANT", "chosen_id": 1, "chosen_type": "PASS", "chosen_card": null, "n_legal": 1}
{"step": 56, "priority": 2, "phase": "INSTANT", "chosen_id": 1, "chosen_type": "PASS", "chosen_card": null, "n_legal": 1}
{"step": 57, "priority": 1, "phase": "ARS", "chosen_id": 1, "chosen_type": "PASS", "chosen_card": null, "n_legal": 1}
{"step": 58, "priority": 2, "phase": "M", "chosen_id": 2, "chosen_type": "PASS", "chosen_card": null, "n_legal": 2}
{"step": 59, "priority": 2, "phase": "INSTANT", "chosen_id": 1, "chosen_type": "PASS", "chosen_card": null, "n_legal": 1}
{"step": 60, "priority": 1, "phase": "INSTANT", "chosen_id": 1, "chosen_type": "PASS", "chosen_card": null, "n_legal": 1}
{"step": 61, "priority": 2, "phase": "ARS", "chosen_id": 1, "chosen_type": "PASS", "chosen_card": null, "n_legal": 1}
{"step": 62, "priority": 1, "phase": "M", "chosen_id": 2, "chosen_type": "PASS", "chosen_card": null, "n_legal": 2}
{"step": 63, "priority": 1, "phase": "INSTANT", "chosen_id": 1, "chosen_type": "PASS", "chosen_card": null, "n_legal": 1}
{"step": 64, "priority": 2, "phase": "INSTANT", "chosen_id": 1, "chosen_type": "PASS", "chosen_card": null, "n_legal": 1}
{"step": 65, "priority": 1, "phase": "ARS", "chosen_id": 1, "chosen_type": "PASS", "chosen_card": null, "n_legal": 1}
{"step": 66, "priority": 2, "phase": "M", "chosen_id": 1, "chosen_type": "PLAY_FROM_HAND", "chosen_card": "starlight_road_blue", "n_legal": 2}
{"step": 67, "priority": 1, "phase": "INSTANT", "chosen_id": 1, "chosen_type": "PASS", "chosen_card": null, "n_legal": 1}
{"step": 68, "priority": 2, "phase": "CHOOSEMULTIZONE", "chosen_id": 2, "chosen_type": "CHOOSE_CHOOSEMULTIZONE", "chosen_card": "CARDID-embodiment_of_lightning", "n_legal": 3}
{"step": 69, "priority": 2, "phase": "M", "chosen_id": 1, "chosen_type": "PASS", "chosen_card": null, "n_legal": 1}
{"step": 70, "priority": 2, "phase": "INSTANT", "chosen_id": 1, "chosen_type": "PASS", "chosen_card": null, "n_legal": 1}
{"step": 71, "priority": 1, "phase": "INSTANT", "chosen_id": 1, "chosen_type": "PASS", "chosen_card": null, "n_legal": 1}
{"step": 72, "priority": 2, "phase": "ARS", "chosen_id": 1, "chosen_type": "PASS", "chosen_card": null, "n_legal": 1}
{"step": 73, "priority": 1, "phase": "M", "chosen_id": 2, "chosen_type": "PASS", "chosen_card": null, "n_legal": 2}
{"step": 74, "priority": 1, "phase": "INSTANT", "chosen_id": 1, "chosen_type": "PASS", "chosen_card": null, "n_legal": 1}
{"step": 75, "priority": 1, "phase": "ARS", "chosen_id": 1, "chosen_type": "PASS", "chosen_card": null, "n_legal": 1}
{"step": 76, "priority": 2, "phase": "M", "chosen_id": 1, "chosen_type": "PLAY_FROM_HAND", "chosen_card": "quick_succession_red", "n_legal": 2}
{"step": 77, "priority": 1, "phase": "INSTANT", "chosen_id": 1, "chosen_type": "PASS", "chosen_card": null, "n_legal": 1}
{"step": 78, "priority": 2, "phase": "M", "chosen_id": 1, "chosen_type": "PASS", "chosen_card": null, "n_legal": 1}
{"step": 79, "priority": 1, "phase": "INSTANT", "chosen_id": 1, "chosen_type": "PASS", "chosen_card": null, "n_legal": 1}
{"step": 80, "priority": 2, "phase": "ARS", "chosen_id": 1, "chosen_type": "PASS", "chosen_card": null, "n_legal": 1}
{"step": 81, "priority": 1, "phase": "M", "chosen_id": 2, "chosen_type": "PASS", "chosen_card": null, "n_legal": 2}
{"step": 82, "priority": 1, "phase": "INSTANT", "chosen_id": 1, "chosen_type": "PASS", "chosen_card": null, "n_legal": 1}
{"step": 83, "priority": 1, "phase": "ARS", "chosen_id": 1, "chosen_type": "PASS", "chosen_card": null, "n_legal": 1}
{"step": 84, "priority": 2, "phase": "M", "chosen_id": 1, "chosen_type": "PLAY_FROM_HAND", "chosen_card": "stinging_sprite_red", "n_legal": 2}
{"step": 85, "priority": 2, "phase": "INSTANT", "chosen_id": 1, "chosen_type": "PASS", "chosen_card": null, "n_legal": 1}
{"step": 86, "priority": 1, "phase": "INSTANT", "chosen_id": 1, "chosen_type": "PASS", "chosen_card": null, "n_legal": 1}
{"step": 87, "priority": 2, "phase": "INSTANT", "chosen_id": 1, "chosen_type": "PASS", "chosen_card": null, "n_legal": 1}
{"step": 88, "priority": 1, "phase": "INSTANT", "chosen_id": 1, "chosen_type": "PASS", "chosen_card": null, "n_legal": 1}
{"step": 89, "priority": 1, "phase": "B", "chosen_id": 1, "chosen_type": "PLAY_FROM_HAND", "chosen_card": "volatile_fluxor_blue", "n_legal": 2}
{"step": 90, "priority": 1, "phase": "B", "chosen_id": 1, "chosen_type": "PASS", "chosen_card": null, "n_legal": 1}
{"step": 91, "priority": 2, "phase": "A", "chosen_id": 2, "chosen_type": "PASS", "chosen_card": null, "n_legal": 2}
{"step": 92, "priority": 1, "phase": "D", "chosen_id": 2, "chosen_type": "PASS", "chosen_card": null, "n_legal": 2}
{"step": 93, "priority": 2, "phase": "INSTANT", "chosen_id": 1, "chosen_type": "PASS", "chosen_card": null, "n_legal": 1}
{"step": 94, "priority": 1, "phase": "INSTANT", "chosen_id": 1, "chosen_type": "PASS", "chosen_card": null, "n_legal": 1}
{"step": 95, "priority": 2, "phase": "M", "chosen_id": 2, "chosen_type": "PASS", "chosen_card": null, "n_legal": 2}
{"step": 96, "priority": 1, "phase": "INSTANT", "chosen_id": 1, "chosen_type": "PASS", "chosen_card": null, "n_legal": 1}
{"step": 97, "priority": 2, "phase": "M", "chosen_id": 1, "chosen_type": "PASS", "chosen_card": null, "n_legal": 1}
{"step": 98, "priority": 1, "phase": "INSTANT", "chosen_id": 1, "chosen_type": "PASS", "chosen_card": null, "n_legal": 1}
{"step": 99, "priority": 2, "phase": "ARS", "chosen_id": 1, "chosen_type": "PASS", "chosen_card": null, "n_legal": 1}
{"step": 100, "priority": 1, "phase": "M", "chosen_id": 1, "chosen_type": "PASS", "chosen_card": null, "n_legal": 1}
{"step": 101, "priority": 1, "phase": "INSTANT", "chosen_id": 1, "chosen_type": "PASS", "chosen_card": null, "n_legal": 1}
{"step": 102, "priority": 1, "phase": "ARS", "chosen_id": 1, "chosen_type": "PASS", "chosen_card": null, "n_legal": 1}
{"step": 103, "priority": 2, "phase": "M", "chosen_id": 1, "chosen_type": "PASS", "chosen_card": null, "n_legal": 1}
{"step": 104, "priority": 1, "phase": "INSTANT", "chosen_id": 1, "chosen_type": "PASS", "chosen_card": null, "n_legal": 1}
{"step": 105, "priority": 2, "phase": "ARS", "chosen_id": 1, "chosen_type": "PASS", "chosen_card": null, "n_legal": 1}
{"step": 106, "priority": 1, "phase": "M", "chosen_id": 1, "chosen_type": "PASS", "chosen_card": null, "n_legal": 1}
{"step": 107, "priority": 1, "phase": "INSTANT", "chosen_id": 1, "chosen_type": "PASS", "chosen_card": null, "n_legal": 1}
{"step": 108, "priority": 1, "phase": "ARS", "chosen_id": 1, "chosen_type": "PASS", "chosen_card": null, "n_legal": 1}
{"step": 109, "priority": 2, "phase": "M", "chosen_id": 1, "chosen_type": "PASS", "chosen_card": null, "n_legal": 1}
{"step": 110, "priority": 1, "phase": "INSTANT", "chosen_id": 1, "chosen_type": "PASS", "chosen_card": null, "n_legal": 1}
{"step": 111, "priority": 2, "phase": "ARS", "chosen_id": 1, "chosen_type": "PASS", "chosen_card": null, "n_legal": 1}
{"step": 112, "priority": 1, "phase": "M", "chosen_id": 1, "chosen_type": "PASS", "chosen_card": null, "n_legal": 1}
{"step": 113, "priority": 1, "phase": "INSTANT", "chosen_id": 1, "chosen_type": "PASS", "chosen_card": null, "n_legal": 1}
{"step": 114, "priority": 1, "phase": "ARS", "chosen_id": 1, "chosen_type": "PASS", "chosen_card": null, "n_legal": 1}
{"step": 115, "priority": 2, "phase": "M", "chosen_id": 1, "chosen_type": "PASS", "chosen_card": null, "n_legal": 1}
{"step": 116, "priority": 1, "phase": "INSTANT", "chosen_id": 1, "chosen_type": "PASS", "chosen_card": null, "n_legal": 1}
{"step": 117, "priority": 2, "phase": "ARS", "chosen_id": 1, "chosen_type": "PASS", "chosen_card": null, "n_legal": 1}
{"step": 118, "priority": 1, "phase": "M", "chosen_id": 1, "chosen_type": "PASS", "chosen_card": null, "n_legal": 1}
{"step": 119, "priority": 1, "phase": "INSTANT", "chosen_id": 1, "chosen_type": "PASS", "chosen_card": null, "n_legal": 1}
{"step": 120, "priority": 1, "phase": "ARS", "chosen_id": 1, "chosen_type": "PASS", "chosen_card": null, "n_legal": 1}
{"step": 121, "priority": 2, "phase": "M", "chosen_id": 1, "chosen_type": "PASS", "chosen_card": null, "n_legal": 1}
{"step": 122, "priority": 1, "phase": "INSTANT", "chosen_id": 1, "chosen_type": "PASS", "chosen_card": null, "n_legal": 1}
{"step": 123, "priority": 2, "phase": "ARS", "chosen_id": 1, "chosen_type": "PASS", "chosen_card": null, "n_legal": 1}
{"step": 124, "priority": 1, "phase": "M", "chosen_id": 1, "chosen_type": "PASS", "chosen_card": null, "n_legal": 1}
{"step": 125, "priority": 1, "phase": "INSTANT", "chosen_id": 1, "chosen_type": "PASS", "chosen_card": null, "n_legal": 1}
{"step": 126, "priority": 1, "phase": "ARS", "chosen_id": 1, "chosen_type": "PASS", "chosen_card": null, "n_legal": 1}
{"step": 127, "priority": 2, "phase": "M", "chosen_id": 1, "chosen_type": "PASS", "chosen_card": null, "n_legal": 1}
{"step": 128, "priority": 1, "phase": "INSTANT", "chosen_id": 1, "chosen_type": "PASS", "chosen_card": null, "n_legal": 1}
{"step": 129, "priority": 2, "phase": "ARS", "chosen_id": 1, "chosen_type": "PASS", "chosen_card": null, "n_legal": 1}
{"step": 130, "priority": 1, "phase": "M", "chosen_id": 1, "chosen_type": "PASS", "chosen_card": null, "n_legal": 1}
{"step": 131, "priority": 1, "phase": "INSTANT", "chosen_id": 1, "chosen_type": "PASS", "chosen_card": null, "n_legal": 1}
{"step": 132, "priority": 1, "phase": "ARS", "chosen_id": 1, "chosen_type": "PASS", "chosen_card": null, "n_legal": 1}
{"step": 133, "priority": 2, "phase": "M", "chosen_id": 1, "chosen_type": "PASS", "chosen_card": null, "n_legal": 1}
{"step": 134, "priority": 1, "phase": "INSTANT", "chosen_id": 1, "chosen_type": "PASS", "chosen_card": null, "n_legal": 1}
{"step": 135, "priority": 2, "phase": "ARS", "chosen_id": 1, "chosen_type": "PASS", "chosen_card": null, "n_legal": 1}
{"step": 136, "priority": 1, "phase": "M", "chosen_id": 1, "chosen_type": "PASS", "chosen_card": null, "n_legal": 1}
{"step": 137, "priority": 1, "phase": "INSTANT", "chosen_id": 1, "chosen_type": "PASS", "chosen_card": null, "n_legal": 1}
{"step": 138, "priority": 1, "phase": "ARS", "chosen_id": 1, "chosen_type": "PASS", "chosen_card": null, "n_legal": 1}
{"step": 139, "priority": 2, "phase": "M", "chosen_id": 1, "chosen_type": "PASS", "chosen_card": null, "n_legal": 1}
{"step": 140, "priority": 1, "phase": "INSTANT", "chosen_id": 1, "chosen_type": "PASS", "chosen_card": null, "n_legal": 1}
{"step": 141, "priority": 2, "phase": "ARS", "chosen_id": 1, "chosen_type": "PASS", "chosen_card": null, "n_legal": 1}
{"step": 142, "priority": 1, "phase": "M", "chosen_id": 1, "chosen_type": "PASS", "chosen_card": null, "n_legal": 1}
{"step": 143, "priority": 1, "phase": "INSTANT", "chosen_id": 1, "chosen_type": "PASS", "chosen_card": null, "n_legal": 1}
{"step": 144, "priority": 1, "phase": "ARS", "chosen_id": 1, "chosen_type": "PASS", "chosen_card": null, "n_legal": 1}
{"step": 145, "priority": 2, "phase": "M", "chosen_id": 1, "chosen_type": "PASS", "chosen_card": null, "n_legal": 1}
{"step": 146, "priority": 1, "phase": "INSTANT", "chosen_id": 1, "chosen_type": "PASS", "chosen_card": null, "n_legal": 1}
{"step": 147, "priority": 2, "phase": "ARS", "chosen_id": 1, "chosen_type": "PASS", "chosen_card": null, "n_legal": 1}
{"step": 148, "priority": 1, "phase": "M", "chosen_id": 1, "chosen_type": "PASS", "chosen_card": null, "n_legal": 1}
{"step": 149, "priority": 1, "phase": "INSTANT", "chosen_id": 1, "chosen_type": "PASS", "chosen_card": null, "n_legal": 1}
{"step": 150, "priority": 1, "phase": "ARS", "chosen_id": 1, "chosen_type": "PASS", "chosen_card": null, "n_legal": 1}
{"step": 151, "priority": 2, "phase": "M", "chosen_id": 1, "chosen_type": "PASS", "chosen_card": null, "n_legal": 1}
{"step": 152, "priority": 1, "phase": "INSTANT", "chosen_id": 1, "chosen_type": "PASS", "chosen_card": null, "n_legal": 1}
{"step": 153, "priority": 2, "phase": "ARS", "chosen_id": 1, "chosen_type": "PASS", "chosen_card": null, "n_legal": 1}
{"step": 154, "priority": 1, "phase": "M", "chosen_id": 1, "chosen_type": "PASS", "chosen_card": null, "n_legal": 1}
{"step": 155, "priority": 1, "phase": "INSTANT", "chosen_id": 1, "chosen_type": "PASS", "chosen_card": null, "n_legal": 1}
{"step": 156, "priority": 1, "phase": "ARS", "chosen_id": 1, "chosen_type": "PASS", "chosen_card": null, "n_legal": 1}
{"step": 157, "priority": 2, "phase": "M", "chosen_id": 1, "chosen_type": "PASS", "chosen_card": null, "n_legal": 1}
{"step": 158, "priority": 1, "phase": "INSTANT", "chosen_id": 1, "chosen_type": "PASS", "chosen_card": null, "n_legal": 1}
{"step": 159, "priority": 2, "phase": "ARS", "chosen_id": 1, "chosen_type": "PASS", "chosen_card": null, "n_legal": 1}
{"step": 160, "priority": 1, "phase": "M", "chosen_id": 1, "chosen_type": "PASS", "chosen_card": null, "n_legal": 1}
{"step": 161, "priority": 1, "phase": "INSTANT", "chosen_id": 1, "chosen_type": "PASS", "chosen_card": null, "n_legal": 1}
{"step": 162, "priority": 1, "phase": "ARS", "chosen_id": 1, "chosen_type": "PASS", "chosen_card": null, "n_legal": 1}
{"step": 163, "priority": 2, "phase": "M", "chosen_id": 1, "chosen_type": "PASS", "chosen_card": null, "n_legal": 1}
{"step": 164, "priority": 1, "phase": "INSTANT", "chosen_id": 1, "chosen_type": "PASS", "chosen_card": null, "n_legal": 1}
{"step": 165, "priority": 2, "phase": "ARS", "chosen_id": 1, "chosen_type": "PASS", "chosen_card": null, "n_legal": 1}
{"step": 166, "priority": 1, "phase": "M", "chosen_id": 1, "chosen_type": "PASS", "chosen_card": null, "n_legal": 1}
{"step": 167, "priority": 1, "phase": "INSTANT", "chosen_id": 1, "chosen_type": "PASS", "chosen_card": null, "n_legal": 1}
{"step": 168, "priority": 1, "phase": "ARS", "chosen_id": 1, "chosen_type": "PASS", "chosen_card": null, "n_legal": 1}
{"step": 169, "priority": 2, "phase": "M", "chosen_id": 1, "chosen_type": "PASS", "chosen_card": null, "n_legal": 1}
{"step": 170, "priority": 1, "phase": "INSTANT", "chosen_id": 1, "chosen_type": "PASS", "chosen_card": null, "n_legal": 1}
{"step": 171, "priority": 2, "phase": "ARS", "chosen_id": 1, "chosen_type": "PASS", "chosen_card": null, "n_legal": 1}
{"step": 172, "priority": 1, "phase": "M", "chosen_id": 1, "chosen_type": "PASS", "chosen_card": null, "n_legal": 1}
{"step": 173, "priority": 1, "phase": "INSTANT", "chosen_id": 1, "chosen_type": "PASS", "chosen_card": null, "n_legal": 1}
{"step": 174, "priority": 1, "phase": "ARS", "chosen_id": 1, "chosen_type": "PASS", "chosen_card": null, "n_legal": 1}
{"step": 175, "priority": 2, "phase": "M", "chosen_id": 1, "chosen_type": "PASS", "chosen_card": null, "n_legal": 1}
{"step": 176, "priority": 1, "phase": "INSTANT", "chosen_id": 1, "chosen_type": "PASS", "chosen_card": null, "n_legal": 1}
{"step": 177, "priority": 2, "phase": "ARS", "chosen_id": 1, "chosen_type": "PASS", "chosen_card": null, "n_legal": 1}
{"step": 178, "priority": 1, "phase": "M", "chosen_id": 1, "chosen_type": "PASS", "chosen_card": null, "n_legal": 1}
{"step": 179, "priority": 1, "phase": "INSTANT", "chosen_id": 1, "chosen_type": "PASS", "chosen_card": null, "n_legal": 1}
{"step": 180, "priority": 1, "phase": "ARS", "chosen_id": 1, "chosen_type": "PASS", "chosen_card": null, "n_legal": 1}
{"step": 181, "priority": 2, "phase": "M", "chosen_id": 1, "chosen_type": "PASS", "chosen_card": null, "n_legal": 1}
{"step": 182, "priority": 1, "phase": "INSTANT", "chosen_id": 1, "chosen_type": "PASS", "chosen_card": null, "n_legal": 1}
{"step": 183, "priority": 2, "phase": "ARS", "chosen_id": 1, "chosen_type": "PASS", "chosen_card": null, "n_legal": 1}
{"step": 184, "priority": 1, "phase": "M", "chosen_id": 1, "chosen_type": "PASS", "chosen_card": null, "n_legal": 1}
{"step": 185, "priority": 1, "phase": "INSTANT", "chosen_id": 1, "chosen_type": "PASS", "chosen_card": null, "n_legal": 1}
{"step": 186, "priority": 1, "phase": "ARS", "chosen_id": 1, "chosen_type": "PASS", "chosen_card": null, "n_legal": 1}
{"step": 187, "priority": 2, "phase": "M", "chosen_id": 1, "chosen_type": "PASS", "chosen_card": null, "n_legal": 1}
{"step": 188, "priority": 1, "phase": "INSTANT", "chosen_id": 1, "chosen_type": "PASS", "chosen_card": null, "n_legal": 1}
{"step": 189, "priority": 2, "phase": "ARS", "chosen_id": 1, "chosen_type": "PASS", "chosen_card": null, "n_legal": 1}
{"step": 190, "priority": 1, "phase": "M", "chosen_id": 1, "chosen_type": "PASS", "chosen_card": null, "n_legal": 1}
{"step": 191, "priority": 1, "phase": "INSTANT", "chosen_id": 1, "chosen_type": "PASS", "chosen_card": null, "n_legal": 1}
{"step": 192, "priority": 1, "phase": "ARS", "chosen_id": 1, "chosen_type": "PASS", "chosen_card": null, "n_legal": 1}
{"step": 193, "priority": 2, "phase": "M", "chosen_id": 1, "chosen_type": "PASS", "chosen_card": null, "n_legal": 1}
{"step": 194, "priority": 1, "phase": "INSTANT", "chosen_id": 1, "chosen_type": "PASS", "chosen_card": null, "n_legal": 1}
{"step": 195, "priority": 2, "phase": "ARS", "chosen_id": 1, "chosen_type": "PASS", "chosen_card": null, "n_legal": 1}
{"step": 196, "priority": 1, "phase": "M", "chosen_id": 1, "chosen_type": "PASS", "chosen_card": null, "n_legal": 1}
{"step": 197, "priority": 1, "phase": "INSTANT", "chosen_id": 1, "chosen_type": "PASS", "chosen_card": null, "n_legal": 1}
{"step": 198, "priority": 1, "phase": "ARS", "chosen_id": 1, "chosen_type": "PASS", "chosen_card": null, "n_legal": 1}
{"step": 199, "priority": 2, "phase": "M", "chosen_id": 1, "chosen_type": "PASS", "chosen_card": null, "n_legal": 1}
{"step": 200, "priority": 1, "phase": "INSTANT", "chosen_id": 1, "chosen_type": "PASS", "chosen_card": null, "n_legal": 1}
{"step": 201, "priority": 2, "phase": "ARS", "chosen_id": 1, "chosen_type": "PASS", "chosen_card": null, "n_legal": 1}
{"step": 202, "priority": 1, "phase": "M", "chosen_id": 1, "chosen_type": "PASS", "chosen_card": null, "n_legal": 1}
{"step": 203, "priority": 1, "phase": "INSTANT", "chosen_id": 1, "chosen_type": "PASS", "chosen_card": null, "n_legal": 1}
{"step": 204, "priority": 1, "phase": "ARS", "chosen_id": 1, "chosen_type": "PASS", "chosen_card": null, "n_legal": 1}
{"step": 205, "priority": 2, "phase": "M", "chosen_id": 1, "chosen_type": "PASS", "chosen_card": null, "n_legal": 1}
{"step": 206, "priority": 1, "phase": "INSTANT", "chosen_id": 1, "chosen_type": "PASS", "chosen_card": null, "n_legal": 1}
{"step": 207, "priority": 2, "phase": "ARS", "chosen_id": 1, "chosen_type": "PASS", "chosen_card": null, "n_legal": 1}
{"step": 208, "priority": 1, "phase": "M", "chosen_id": 1, "chosen_type": "PASS", "chosen_card": null, "n_legal": 1}
{"step": 209, "priority": 1, "phase": "INSTANT", "chosen_id": 1, "chosen_type": "PASS", "chosen_card": null, "n_legal": 1}
{"step": 210, "priority": 1, "phase": "ARS", "chosen_id": 1, "chosen_type": "PASS", "chosen_card": null, "n_legal": 1}
{"step": 211, "priority": 2, "phase": "M", "chosen_id": 1, "chosen_type": "PASS", "chosen_card": null, "n_legal": 1}
{"step": 212, "priority": 1, "phase": "INSTANT", "chosen_id": 1, "chosen_type": "PASS", "chosen_card": null, "n_legal": 1}
{"step": 213, "priority": 2, "phase": "ARS", "chosen_id": 1, "chosen_type": "PASS", "chosen_card": null, "n_legal": 1}
{"step": 214, "priority": 1, "phase": "M", "chosen_id": 1, "chosen_type": "PASS", "chosen_card": null, "n_legal": 1}
{"step": 215, "priority": 1, "phase": "INSTANT", "chosen_id": 1, "chosen_type": "PASS", "chosen_card": null, "n_legal": 1}
{"step": 216, "priority": 1, "phase": "ARS", "chosen_id": 1, "chosen_type": "PASS", "chosen_card": null, "n_legal": 1}
{"step": 217, "priority": 2, "phase": "M", "chosen_id": 1, "chosen_type": "PASS", "chosen_card": null, "n_legal": 1}
{"step": 218, "priority": 1, "phase": "INSTANT", "chosen_id": 1, "chosen_type": "PASS", "chosen_card": null, "n_legal": 1}
{"step": 219, "priority": 2, "phase": "ARS", "chosen_id": 1, "chosen_type": "PASS", "chosen_card": null, "n_legal": 1}
{"step": 220, "priority": 1, "phase": "M", "chosen_id": 1, "chosen_type": "PASS", "chosen_card": null, "n_legal": 1}
{"step": 221, "priority": 1, "phase": "INSTANT", "chosen_id": 1, "chosen_type": "PASS", "chosen_card": null, "n_legal": 1}
{"step": 222, "priority": 1, "phase": "ARS", "chosen_id": 1, "chosen_type": "PASS", "chosen_card": null, "n_legal": 1}
{"step": 223, "priority": 2, "phase": "M", "chosen_id": 1, "chosen_type": "PASS", "chosen_card": null, "n_legal": 1}
{"step": 224, "priority": 1, "phase": "INSTANT", "chosen_id": 1, "chosen_type": "PASS", "chosen_card": null, "n_legal": 1}
{"step": 225, "priority": 2, "phase": "ARS", "chosen_id": 1, "chosen_type": "PASS", "chosen_card": null, "n_legal": 1}
{"step": 226, "priority": 1, "phase": "M", "chosen_id": 1, "chosen_type": "PASS", "chosen_card": null, "n_legal": 1}
{"step": 227, "priority": 1, "phase": "INSTANT", "chosen_id": 1, "chosen_type": "PASS", "chosen_card": null, "n_legal": 1}
{"step": 228, "priority": 1, "phase": "ARS", "chosen_id": 1, "chosen_type": "PASS", "chosen_card": null, "n_legal": 1}
{"step": 229, "priority": 2, "phase": "M", "chosen_id": 1, "chosen_type": "PASS", "chosen_card": null, "n_legal": 1}
{"step": 230, "priority": 1, "phase": "INSTANT", "chosen_id": 1, "chosen_type": "PASS", "chosen_card": null, "n_legal": 1}
{"step": 231, "priority": 2, "phase": "ARS", "chosen_id": 1, "chosen_type": "PASS", "chosen_card": null, "n_legal": 1}
{"step": 232, "priority": 1, "phase": "M", "chosen_id": 1, "chosen_type": "PASS", "chosen_card": null, "n_legal": 1}
{"step": 233, "priority": 1, "phase": "INSTANT", "chosen_id": 1, "chosen_type": "PASS", "chosen_card": null, "n_legal": 1}
{"step": 234, "priority": 1, "phase": "ARS", "chosen_id": 1, "chosen_type": "PASS", "chosen_card": null, "n_legal": 1}
{"step": 235, "priority": 2, "phase": "M", "chosen_id": 1, "chosen_type": "PASS", "chosen_card": null, "n_legal": 1}
{"step": 236, "priority": 1, "phase": "INSTANT", "chosen_id": 1, "chosen_type": "PASS", "chosen_card": null, "n_legal": 1}
{"step": 237, "priority": 2, "phase": "ARS", "chosen_id": 1, "chosen_type": "PASS", "chosen_card": null, "n_legal": 1}
{"step": 238, "priority": 1, "phase": "M", "chosen_id": 1, "chosen_type": "PASS", "chosen_card": null, "n_legal": 1}
{"step": 239, "priority": 1, "phase": "INSTANT", "chosen_id": 1, "chosen_type": "PASS", "chosen_card": null, "n_legal": 1}
{"step": 240, "priority": 1, "phase": "ARS", "chosen_id": 1, "chosen_type": "PASS", "chosen_card": null, "n_legal": 1}
{"step": 241, "priority": 2, "phase": "M", "chosen_id": 1, "chosen_type": "PASS", "chosen_card": null, "n_legal": 1}
{"step": 242, "priority": 1, "phase": "INSTANT", "chosen_id": 1, "chosen_type": "PASS", "chosen_card": null, "n_legal": 1}
{"step": 243, "priority": 2, "phase": "ARS", "chosen_id": 1, "chosen_type": "PASS", "chosen_card": null, "n_legal": 1}
{"step": 244, "priority": 1, "phase": "M", "chosen_id": 1, "chosen_type": "PASS", "chosen_card": null, "n_legal": 1}
{"step": 245, "priority": 1, "phase": "INSTANT", "chosen_id": 1, "chosen_type": "PASS", "chosen_card": null, "n_legal": 1}
{"step": 246, "priority": 1, "phase": "ARS", "chosen_id": 1, "chosen_type": "PASS", "chosen_card": null, "n_legal": 1}
{"step": 247, "priority": 2, "phase": "M", "chosen_id": 1, "chosen_type": "PASS", "chosen_card": null, "n_legal": 1}
{"step": 248, "priority": 1, "phase": "INSTANT", "chosen_id": 1, "chosen_type": "PASS", "chosen_card": null, "n_legal": 1}
{"step": 249, "priority": 2, "phase": "ARS", "chosen_id": 1, "chosen_type": "PASS", "chosen_card": null, "n_legal": 1}
{"step": 250, "priority": 1, "phase": "M", "chosen_id": 1, "chosen_type": "PASS", "chosen_card": null, "n_legal": 1}
{"step": 251, "priority": 1, "phase": "INSTANT", "chosen_id": 1, "chosen_type": "PASS", "chosen_card": null, "n_legal": 1}
{"step": 252, "priority": 1, "phase": "ARS", "chosen_id": 1, "chosen_type": "PASS", "chosen_card": null, "n_legal": 1}
{"step": 253, "priority": 2, "phase": "M", "chosen_id": 1, "chosen_type": "PASS", "chosen_card": null, "n_legal": 1}
{"step": 254, "priority": 1, "phase": "INSTANT", "chosen_id": 1, "chosen_type": "PASS", "chosen_card": null, "n_legal": 1}
{"step": 255, "priority": 2, "phase": "ARS", "chosen_id": 1, "chosen_type": "PASS", "chosen_card": null, "n_legal": 1}
{"step": 256, "priority": 1, "phase": "M", "chosen_id": 1, "chosen_type": "PASS", "chosen_card": null, "n_legal": 1}
{"step": 257, "priority": 1, "phase": "INSTANT", "chosen_id": 1, "chosen_type": "PASS", "chosen_card": null, "n_legal": 1}
{"step": 258, "priority": 1, "phase": "ARS", "chosen_id": 1, "chosen_type": "PASS", "chosen_card": null, "n_legal": 1}
{"step": 259, "priority": 2, "phase": "M", "chosen_id": 1, "chosen_type": "PASS", "chosen_card": null, "n_legal": 1}
{"step": 260, "priority": 1, "phase": "INSTANT", "chosen_id": 1, "chosen_type": "PASS", "chosen_card": null, "n_legal": 1}
{"step": 261, "priority": 2, "phase": "ARS", "chosen_id": 1, "chosen_type": "PASS", "chosen_card": null, "n_legal": 1}
{"step": 262, "priority": 1, "phase": "M", "chosen_id": 1, "chosen_type": "PASS", "chosen_card": null, "n_legal": 1}
{"step": 263, "priority": 1, "phase": "INSTANT", "chosen_id": 1, "chosen_type": "PASS", "chosen_card": null, "n_legal": 1}
{"step": 264, "priority": 1, "phase": "ARS", "chosen_id": 1, "chosen_type": "PASS", "chosen_card": null, "n_legal": 1}
{"step": 265, "priority": 2, "phase": "M", "chosen_id": 1, "chosen_type": "PASS", "chosen_card": null, "n_legal": 1}
{"step": 266, "priority": 1, "phase": "INSTANT", "chosen_id": 1, "chosen_type": "PASS", "chosen_card": null, "n_legal": 1}
{"step": 267, "priority": 2, "phase": "ARS", "chosen_id": 1, "chosen_type": "PASS", "chosen_card": null, "n_legal": 1}
{"step": 268, "priority": 1, "phase": "M", "chosen_id": 1, "chosen_type": "PASS", "chosen_card": null, "n_legal": 1}
{"step": 269, "priority": 1, "phase": "INSTANT", "chosen_id": 1, "chosen_type": "PASS", "chosen_card": null, "n_legal": 1}
{"step": 270, "priority": 1, "phase": "ARS", "chosen_id": 1, "chosen_type": "PASS", "chosen_card": null, "n_legal": 1}
{"step": 271, "priority": 2, "phase": "M", "chosen_id": 1, "chosen_type": "PASS", "chosen_card": null, "n_legal": 1}
{"step": 272, "priority": 1, "phase": "INSTANT", "chosen_id": 1, "chosen_type": "PASS", "chosen_card": null, "n_legal": 1}
{"step": 273, "priority": 2, "phase": "ARS", "chosen_id": 1, "chosen_type": "PASS", "chosen_card": null, "n_legal": 1}
{"step": 274, "priority": 1, "phase": "M", "chosen_id": 1, "chosen_type": "PASS", "chosen_card": null, "n_legal": 1}
{"step": 275, "priority": 1, "phase": "INSTANT", "chosen_id": 1, "chosen_type": "PASS", "chosen_card": null, "n_legal": 1}
{"step": 276, "priority": 1, "phase": "ARS", "chosen_id": 1, "chosen_type": "PASS", "chosen_card": null, "n_legal": 1}
{"step": 277, "priority": 2, "phase": "M", "chosen_id": 1, "chosen_type": "PASS", "chosen_card": null, "n_legal": 1}
{"step": 278, "priority": 1, "phase": "INSTANT", "chosen_id": 1, "chosen_type": "PASS", "chosen_card": null, "n_legal": 1}
{"step": 279, "priority": 2, "phase": "ARS", "chosen_id": 1, "chosen_type": "PASS", "chosen_card": null, "n_legal": 1}
{"step": 280, "priority": 1, "phase": "M", "chosen_id": 1, "chosen_type": "PASS", "chosen_card": null, "n_legal": 1}
{"step": 281, "priority": 1, "phase": "INSTANT", "chosen_id": 1, "chosen_type": "PASS", "chosen_card": null, "n_legal": 1}
{"step": 282, "priority": 1, "phase": "ARS", "chosen_id": 1, "chosen_type": "PASS", "chosen_card": null, "n_legal": 1}
{"step": 283, "priority": 2, "phase": "M", "chosen_id": 1, "chosen_type": "PASS", "chosen_card": null, "n_legal": 1}
{"step": 284, "priority": 1, "phase": "INSTANT", "chosen_id": 1, "chosen_type": "PASS", "chosen_card": null, "n_legal": 1}
{"step": 285, "priority": 2, "phase": "ARS", "chosen_id": 1, "chosen_type": "PASS", "chosen_card": null, "n_legal": 1}
{"step": 286, "priority": 1, "phase": "M", "chosen_id": 1, "chosen_type": "PASS", "chosen_card": null, "n_legal": 1}
{"step": 287, "priority": 1, "phase": "INSTANT", "chosen_id": 1, "chosen_type": "PASS", "chosen_card": null, "n_legal": 1}
{"step": 288, "priority": 1, "phase": "ARS", "chosen_id": 1, "chosen_type": "PASS", "chosen_card": null, "n_legal": 1}
{"step": 289, "priority": 2, "phase": "M", "chosen_id": 1, "chosen_type": "PASS", "chosen_card": null, "n_legal": 1}
{"step": 290, "priority": 1, "phase": "INSTANT", "chosen_id": 1, "chosen_type": "PASS", "chosen_card": null, "n_legal": 1}
{"step": 291, "priority": 2, "phase": "ARS", "chosen_id": 1, "chosen_type": "PASS", "chosen_card": null, "n_legal": 1}
{"step": 292, "priority": 1, "phase": "M", "chosen_id": 1, "chosen_type": "PASS", "chosen_card": null, "n_legal": 1}
{"step": 293, "priority": 1, "phase": "INSTANT", "chosen_id": 1, "chosen_type": "PASS", "chosen_card": null, "n_legal": 1}
{"step": 294, "priority": 1, "phase": "ARS", "chosen_id": 1, "chosen_type": "PASS", "chosen_card": null, "n_legal": 1}
{"step": 295, "priority": 2, "phase": "M", "chosen_id": 1, "chosen_type": "PASS", "chosen_card": null, "n_legal": 1}
{"step": 296, "priority": 1, "phase": "INSTANT", "chosen_id": 1, "chosen_type": "PASS", "chosen_card": null, "n_legal": 1}
{"step": 297, "priority": 2, "phase": "ARS", "chosen_id": 1, "chosen_type": "PASS", "chosen_card": null, "n_legal": 1}
{"step": 298, "priority": 1, "phase": "M", "chosen_id": 1, "chosen_type": "PASS", "chosen_card": null, "n_legal": 1}
{"step": 299, "priority": 1, "phase": "INSTANT", "chosen_id": 1, "chosen_type": "PASS", "chosen_card": null, "n_legal": 1}
{"step": 300, "priority": 1, "phase": "ARS", "chosen_id": 1, "chosen_type": "PASS", "chosen_card": null, "n_legal": 1}
{"step": 301, "priority": 2, "phase": "M", "chosen_id": 1, "chosen_type": "PASS", "chosen_card": null, "n_legal": 1}
{"step": 302, "priority": 1, "phase": "INSTANT", "chosen_id": 1, "chosen_type": "PASS", "chosen_card": null, "n_legal": 1}
{"step": 303, "priority": 2, "phase": "ARS", "chosen_id": 1, "chosen_type": "PASS", "chosen_card": null, "n_legal": 1}
{"step": 304, "priority": 1, "phase": "M", "chosen_id": 1, "chosen_type": "PASS", "chosen_card": null, "n_legal": 1}
{"step": 305, "priority": 1, "phase": "INSTANT", "chosen_id": 1, "chosen_type": "PASS", "chosen_card": null, "n_legal": 1}
{"step": 306, "priority": 1, "phase": "ARS", "chosen_id": 1, "chosen_type": "PASS", "chosen_card": null, "n_legal": 1}
{"step": 307, "priority": 2, "phase": "M", "chosen_id": 1, "chosen_type": "PASS", "chosen_card": null, "n_legal": 1}
{"step": 308, "priority": 1, "phase": "INSTANT", "chosen_id": 1, "chosen_type": "PASS", "chosen_card": null, "n_legal": 1}
{"step": 309, "priority": 2, "phase": "ARS", "chosen_id": 1, "chosen_type": "PASS", "chosen_card": null, "n_legal": 1}
{"step": 310, "priority": 1, "phase": "M", "chosen_id": 1, "chosen_type": "PASS", "chosen_card": null, "n_legal": 1}
{"step": 311, "priority": 1, "phase": "INSTANT", "chosen_id": 1, "chosen_type": "PASS", "chosen_card": null, "n_legal": 1}
{"step": 312, "priority": 1, "phase": "ARS", "chosen_id": 1, "chosen_type": "PASS", "chosen_card": null, "n_legal": 1}
{"step": 313, "priority": 2, "phase": "M", "chosen_id": 1, "chosen_type": "PASS", "chosen_card": null, "n_legal": 1}
{"step": 314, "priority": 1, "phase": "INSTANT", "chosen_id": 1, "chosen_type": "PASS", "chosen_card": null, "n_legal": 1}
{"step": 315, "priority": 2, "phase": "ARS", "chosen_id": 1, "chosen_type": "PASS", "chosen_card": null, "n_legal": 1}
{"step": 316, "priority": 1, "phase": "M", "chosen_id": 1, "chosen_type": "PASS", "chosen_card": null, "n_legal": 1}
{"step": 317, "priority": 1, "phase": "INSTANT", "chosen_id": 1, "chosen_type": "PASS", "chosen_card": null, "n_legal": 1}
{"step": 318, "priority": 1, "phase": "ARS", "chosen_id": 1, "chosen_type": "PASS", "chosen_card": null, "n_legal": 1}
{"step": 319, "priority": 2, "phase": "M", "chosen_id": 1, "chosen_type": "PASS", "chosen_card": null, "n_legal": 1}
{"step": 320, "priority": 1, "phase": "INSTANT", "chosen_id": 1, "chosen_type": "PASS", "chosen_card": null, "n_legal": 1}
{"step": 321, "priority": 2, "phase": "ARS", "chosen_id": 1, "chosen_type": "PASS", "chosen_card": null, "n_legal": 1}
{"step": 322, "priority": 1, "phase": "M", "chosen_id": 1, "chosen_type": "PASS", "chosen_card": null, "n_legal": 1}
{"step": 323, "priority": 1, "phase": "INSTANT", "chosen_id": 1, "chosen_type": "PASS", "chosen_card": null, "n_legal": 1}
{"step": 324, "priority": 1, "phase": "ARS", "chosen_id": 1, "chosen_type": "PASS", "chosen_card": null, "n_legal": 1}
{"step": 325, "priority": 2, "phase": "M", "chosen_id": 1, "chosen_type": "PASS", "chosen_card": null, "n_legal": 1}
{"step": 326, "priority": 1, "phase": "INSTANT", "chosen_id": 1, "chosen_type": "PASS", "chosen_card": null, "n_legal": 1}
{"step": 327, "priority": 2, "phase": "ARS", "chosen_id": 1, "chosen_type": "PASS", "chosen_card": null, "n_legal": 1}
{"step": 328, "priority": 1, "phase": "M", "chosen_id": 1, "chosen_type": "PASS", "chosen_card": null, "n_legal": 1}
{"step": 329, "priority": 1, "phase": "INSTANT", "chosen_id": 1, "chosen_type": "PASS", "chosen_card": null, "n_legal": 1}
{"step": 330, "priority": 1, "phase": "ARS", "chosen_id": 1, "chosen_type": "PASS", "chosen_card": null, "n_legal": 1}
{"step": 331, "priority": 2, "phase": "M", "chosen_id": 1, "chosen_type": "PASS", "chosen_card": null, "n_legal": 1}
{"step": 332, "priority": 1, "phase": "INSTANT", "chosen_id": 1, "chosen_type": "PASS", "chosen_card": null, "n_legal": 1}
{"step": 333, "priority": 2, "phase": "ARS", "chosen_id": 1, "chosen_type": "PASS", "chosen_card": null, "n_legal": 1}
{"step": 334, "priority": 1, "phase": "M", "chosen_id": 1, "chosen_type": "PASS", "chosen_card": null, "n_legal": 1}
{"step": 335, "priority": 1, "phase": "INSTANT", "chosen_id": 1, "chosen_type": "PASS", "chosen_card": null, "n_legal": 1}
{"step": 336, "priority": 1, "phase": "ARS", "chosen_id": 1, "chosen_type": "PASS", "chosen_card": null, "n_legal": 1}
{"step": 337, "priority": 2, "phase": "M", "chosen_id": 1, "chosen_type": "PASS", "chosen_card": null, "n_legal": 1}
{"step": 338, "priority": 1, "phase": "INSTANT", "chosen_id": 1, "chosen_type": "PASS", "chosen_card": null, "n_legal": 1}
{"step": 339, "priority": 2, "phase": "ARS", "chosen_id": 1, "chosen_type": "PASS", "chosen_card": null, "n_legal": 1}
{"step": 340, "priority": 1, "phase": "M", "chosen_id": 1, "chosen_type": "PASS", "chosen_card": null, "n_legal": 1}
{"step": 341, "priority": 1, "phase": "INSTANT", "chosen_id": 1, "chosen_type": "PASS", "chosen_card": null, "n_legal": 1}
{"step": 342, "priority": 1, "phase": "ARS", "chosen_id": 1, "chosen_type": "PASS", "chosen_card": null, "n_legal": 1}
{"step": 343, "priority": 2, "phase": "M", "chosen_id": 1, "chosen_type": "PASS", "chosen_card": null, "n_legal": 1}
{"step": 344, "priority": 1, "phase": "INSTANT", "chosen_id": 1, "chosen_type": "PASS", "chosen_card": null, "n_legal": 1}
{"step": 345, "priority": 2, "phase": "ARS", "chosen_id": 1, "chosen_type": "PASS", "chosen_card": null, "n_legal": 1}
{"step": 346, "priority": 1, "phase": "M", "chosen_id": 1, "chosen_type": "PASS", "chosen_card": null, "n_legal": 1}
{"step": 347, "priority": 1, "phase": "INSTANT", "chosen_id": 1, "chosen_type": "PASS", "chosen_card": null, "n_legal": 1}
{"step": 348, "priority": 1, "phase": "ARS", "chosen_id": 1, "chosen_type": "PASS", "chosen_card": null, "n_legal": 1}
{"step": 349, "priority": 2, "phase": "M", "chosen_id": 1, "chosen_type": "PASS", "chosen_card": null, "n_legal": 1}
{"step": 350, "priority": 1, "phase": "INSTANT", "chosen_id": 1, "chosen_type": "PASS", "chosen_card": null, "n_legal": 1}
{"step": 351, "priority": 2, "phase": "ARS", "chosen_id": 1, "chosen_type": "PASS", "chosen_card": null, "n_legal": 1}
{"step": 352, "priority": 1, "phase": "M", "chosen_id": 1, "chosen_type": "PASS", "chosen_card": null, "n_legal": 1}
{"step": 353, "priority": 1, "phase": "INSTANT", "chosen_id": 1, "chosen_type": "PASS", "chosen_card": null, "n_legal": 1}
{"step": 354, "priority": 1, "phase": "ARS", "chosen_id": 1, "chosen_type": "PASS", "chosen_card": null, "n_legal": 1}
{"step": 355, "priority": 2, "phase": "M", "chosen_id": 1, "chosen_type": "PASS", "chosen_card": null, "n_legal": 1}
{"step": 356, "priority": 1, "phase": "INSTANT", "chosen_id": 1, "chosen_type": "PASS", "chosen_card": null, "n_legal": 1}
{"step": 357, "priority": 2, "phase": "ARS", "chosen_id": 1, "chosen_type": "PASS", "chosen_card": null, "n_legal": 1}
{"step": 358, "priority": 1, "phase": "M", "chosen_id": 1, "chosen_type": "PASS", "chosen_card": null, "n_legal": 1}
{"step": 359, "priority": 1, "phase": "INSTANT", "chosen_id": 1, "chosen_type": "PASS", "chosen_card": null, "n_legal": 1}
{"step": 360, "priority": 1, "phase": "ARS", "chosen_id": 1, "chosen_type": "PASS", "chosen_card": null, "n_legal": 1}
{"step": 361, "priority": 2, "phase": "M", "chosen_id": 1, "chosen_type": "PASS", "chosen_card": null, "n_legal": 1}
{"step": 362, "priority": 1, "phase": "INSTANT", "chosen_id": 1, "chosen_type": "PASS", "chosen_card": null, "n_legal": 1}
{"step": 363, "priority": 2, "phase": "ARS", "chosen_id": 1, "chosen_type": "PASS", "chosen_card": null, "n_legal": 1}
{"step": 364, "priority": 1, "phase": "M", "chosen_id": 1, "chosen_type": "PASS", "chosen_card": null, "n_legal": 1}
{"step": 365, "priority": 1, "phase": "INSTANT", "chosen_id": 1, "chosen_type": "PASS", "chosen_card": null, "n_legal": 1}
{"step": 366, "priority": 1, "phase": "ARS", "chosen_id": 1, "chosen_type": "PASS", "chosen_card": null, "n_legal": 1}
{"step": 367, "priority": 2, "phase": "M", "chosen_id": 1, "chosen_type": "PASS", "chosen_card": null, "n_legal": 1}
{"step": 368, "priority": 1, "phase": "INSTANT", "chosen_id": 1, "chosen_type": "PASS", "chosen_card": null, "n_legal": 1}
{"step": 369, "priority": 2, "phase": "ARS", "chosen_id": 1, "chosen_type": "PASS", "chosen_card": null, "n_legal": 1}
{"step": 370, "priority": 1, "phase": "M", "chosen_id": 1, "chosen_type": "PASS", "chosen_card": null, "n_legal": 1}
{"step": 371, "priority": 1, "phase": "INSTANT", "chosen_id": 1, "chosen_type": "PASS", "chosen_card": null, "n_legal": 1}
{"step": 372, "priority": 1, "phase": "ARS", "chosen_id": 1, "chosen_type": "PASS", "chosen_card": null, "n_legal": 1}
{"step": 373, "priority": 2, "phase": "M", "chosen_id": 1, "chosen_type": "PASS", "chosen_card": null, "n_legal": 1}
{"step": 374, "priority": 1, "phase": "INSTANT", "chosen_id": 1, "chosen_type": "PASS", "chosen_card": null, "n_legal": 1}
{"step": 375, "priority": 2, "phase": "ARS", "chosen_id": 1, "chosen_type": "PASS", "chosen_card": null, "n_legal": 1}
{"step": 376, "priority": 1, "phase": "M", "chosen_id": 1, "chosen_type": "PASS", "chosen_card": null, "n_legal": 1}
{"step": 377, "priority": 1, "phase": "INSTANT", "chosen_id": 1, "chosen_type": "PASS", "chosen_card": null, "n_legal": 1}
{"step": 378, "priority": 1, "phase": "ARS", "chosen_id": 1, "chosen_type": "PASS", "chosen_card": null, "n_legal": 1}
{"step": 379, "priority": 2, "phase": "M", "chosen_id": 1, "chosen_type": "PASS", "chosen_card": null, "n_legal": 1}
{"step": 380, "priority": 1, "phase": "INSTANT", "chosen_id": 1, "chosen_type": "PASS", "chosen_card": null, "n_legal": 1}
{"step": 381, "priority": 2, "phase": "ARS", "chosen_id": 1, "chosen_type": "PASS", "chosen_card": null, "n_legal": 1}
{"step": 382, "priority": 1, "phase": "M", "chosen_id": 1, "chosen_type": "PASS", "chosen_card": null, "n_legal": 1}
{"step": 383, "priority": 1, "phase": "INSTANT", "chosen_id": 1, "chosen_type": "PASS", "chosen_card": null, "n_legal": 1}
{"step": 384, "priority": 1, "phase": "ARS", "chosen_id": 1, "chosen_type": "PASS", "chosen_card": null, "n_legal": 1}
{"step": 385, "priority": 2, "phase": "M", "chosen_id": 1, "chosen_type": "PASS", "chosen_card": null, "n_legal": 1}
{"step": 386, "priority": 1, "phase": "INSTANT", "chosen_id": 1, "chosen_type": "PASS", "chosen_card": null, "n_legal": 1}
{"step": 387, "priority": 2, "phase": "ARS", "chosen_id": 1, "chosen_type": "PASS", "chosen_card": null, "n_legal": 1}
{"step": 388, "priority": 1, "phase": "M", "chosen_id": 1, "chosen_type": "PASS", "chosen_card": null, "n_legal": 1}
{"step": 389, "priority": 1, "phase": "INSTANT", "chosen_id": 1, "chosen_type": "PASS", "chosen_card": null, "n_legal": 1}
{"step": 390, "priority": 1, "phase": "ARS", "chosen_id": 1, "chosen_type": "PASS", "chosen_card": null, "n_legal": 1}
{"step": 391, "priority": 2, "phase": "M", "chosen_id": 1, "chosen_type": "PASS", "chosen_card": null, "n_legal": 1}
{"step": 392, "priority": 1, "phase": "INSTANT", "chosen_id": 1, "chosen_type": "PASS", "chosen_card": null, "n_legal": 1}
{"step": 393, "priority": 2, "phase": "ARS", "chosen_id": 1, "chosen_type": "PASS", "chosen_card": null, "n_legal": 1}
{"step": 394, "priority": 1, "phase": "M", "chosen_id": 1, "chosen_type": "PASS", "chosen_card": null, "n_legal": 1}
{"step": 395, "priority": 1, "phase": "INSTANT", "chosen_id": 1, "chosen_type": "PASS", "chosen_card": null, "n_legal": 1}
{"step": 396, "priority": 1, "phase": "ARS", "chosen_id": 1, "chosen_type": "PASS", "chosen_card": null, "n_legal": 1}
{"step": 397, "priority": 2, "phase": "M", "chosen_id": 1, "chosen_type": "PASS", "chosen_card": null, "n_legal": 1}
{"step": 398, "priority": 1, "phase": "INSTANT", "chosen_id": 1, "chosen_type": "PASS", "chosen_card": null, "n_legal": 1}
{"step": 399, "priority": 2, "phase": "ARS", "chosen_id": 1, "chosen_type": "PASS", "chosen_card": null, "n_legal": 1}
