[gate] 1/100 tasks | RL 0 - 1 BC (draws 0)
[gate] 2/100 tasks | RL 1 - 1 BC (draws 0)
[gate] 3/100 tasks | RL 1 - 2 BC (draws 0)
[gate] 4/100 tasks | RL 2 - 2 BC (draws 0)
[gate] 5/100 tasks | RL 2 - 2 BC (draws 1)
[gate] 6/100 tasks | RL 2 - 2 BC (draws 2)
[gate] 7/100 tasks | RL 2 - 3 BC (draws 2)
[gate] 8/100 tasks | RL 3 - 3 BC (draws 2)
[gate] 9/100 tasks | RL 3 - 3 BC (draws 3)
[gate] 10/100 tasks | RL 3 - 3 BC (draws 4)
[gate] 11/100 tasks | RL 3 - 4 BC (draws 4)
[gate] 12/100 tasks | RL 3 - 5 BC (draws 4)
[gate] 13/100 tasks | RL 3 - 5 BC (draws 5)
[gate] 14/100 tasks | RL 3 - 5 BC (draws 6)
[gate] 15/100 tasks | RL 3 - 5 BC (draws 7)
[gate] 16/100 tasks | RL 3 - 5 BC (draws 8)
[gate] 17/100 tasks | RL 3 - 6 BC (draws 8)
[gate] 18/100 tasks | RL 4 - 6 BC (draws 8)
[gate] 19/100 tasks | RL 4 - 6 BC (draws 9)
[gate] 20/100 tasks | RL 4 - 6 BC (draws 9)
[gate] 21/100 tasks | RL 4 - 6 BC (draws 10)
[gate] 22/100 tasks | RL 4 - 6 BC (draws 11)
[gate] 23/100 tasks | RL 4 - 6 BC (draws 12)
[gate] 24/100 tasks | RL 5 - 6 BC (draws 12)
[gate] 25/100 tasks | RL 5 - 6 BC (draws 13)
[gate] 26/100 tasks | RL 5 - 7 BC (draws 13)
[gate] 27/100 tasks | RL 5 - 7 BC (draws 13)
[gate] 28/100 tasks | RL 6 - 7 BC (draws 13)
[gate] 29/100 tasks | RL 6 - 8 BC (draws 13)
[gate] 30/100 tasks | RL 6 - 8 BC (draws 14)
[gate] 31/100 tasks | RL 6 - 8 BC (draws 15)
[gate] 32/100 tasks | RL 7 - 8 BC (draws 15)
[gate] 33/100 tasks | RL 7 - 9 BC (draws 15)
[gate] 34/100 tasks | RL 8 - 9 BC (draws 15)
[gate] 35/100 tasks | RL 8 - 9 BC (draws 16)
[gate] 36/100 tasks | RL 8 - 9 BC (draws 17)
[gate] 37/100 tasks | RL 8 - 9 BC (draws 18)
[gate] 38/100 tasks | RL 8 - 10 BC (draws 18)
[gate] 39/100 tasks | RL 9 - 10 BC (draws 18)
[gate] 40/100 tasks | RL 9 - 11 BC (draws 18)
[gate] 41/100 tasks | RL 9 - 11 BC (draws 19)
[gate] 42/100 tasks | RL 9 - 11 BC (draws 20)
[gate] 43/100 tasks | RL 9 - 11 BC (draws 21)
[gate] 44/100 tasks | RL 9 - 11 BC (draws 22)
[gate] 45/100 tasks | RL 9 - 11 BC (draws 23)
[gate] 46/100 tasks | RL 10 - 11 BC (draws 23)
[gate] 47/100 tasks | RL 11 - 11 BC (draws 23)
[gate] 48/100 tasks | RL 11 - 11 BC (draws 24)
[gate] 49/100 tasks | RL 11 - 11 BC (draws 25)
[gate] 50/100 tasks | RL 12 - 11 BC (draws 25)
[gate] 51/100 tasks | RL 12 - 11 BC (draws 26)
[gate] 52/100 tasks | RL 12 - 11 BC (draws 27)
[gate] 53/100 tasks | RL 12 - 12 BC (draws 27)
[gate] 54/100 tasks | RL 12 - 13 BC (draws 27)
[gate] 55/100 tasks | RL 13 - 13 BC (draws 27)
[gate] 56/100 tasks | RL 13 - 13 BC (draws 28)
[gate] 57/100 tasks | RL 13 - 13 BC (draws 29)
[gate] 58/100 tasks | RL 14 - 13 BC (draws 29)
[gate] 59/100 tasks | RL 15 - 13 BC (draws 29)
[gate] 60/100 tasks | RL 15 - 13 BC (draws 30)
[gate] 61/100 tasks | RL 16 - 13 BC (draws 30)
[gate] 62/100 tasks | RL 16 - 14 BC (draws 30)
[gate] 63/100 tasks | RL 16 - 14 BC (draws 31)
[gate] 64/100 tasks | RL 16 - 15 BC (draws 31)
[gate] 65/100 tasks | RL 16 - 15 BC (draws 32)
[gate] 66/100 tasks | RL 17 - 15 BC (draws 32)
[gate] 67/100 tasks | RL 18 - 15 BC (draws 32)
[gate] 68/100 tasks | RL 18 - 16 BC (draws 32)
[gate] 69/100 tasks | RL 18 - 16 BC (draws 33)
[gate] 70/100 tasks | RL 18 - 17 BC (draws 33)
[gate] 71/100 tasks | RL 18 - 18 BC (draws 33)
[gate] 72/100 tasks | RL 18 - 18 BC (draws 34)
[gate] 73/100 tasks | RL 18 - 19 BC (draws 34)
[gate] 74/100 tasks | RL 19 - 19 BC (draws 34)
[gate] 75/100 tasks | RL 20 - 19 BC (draws 34)
[gate] 76/100 tasks | RL 20 - 19 BC (draws 35)
[gate] 77/100 tasks | RL 21 - 19 BC (draws 35)
[gate] 78/100 tasks | RL 22 - 19 BC (draws 35)
[gate] 79/100 tasks | RL 22 - 19 BC (draws 36)
[gate] 80/100 tasks | RL 22 - 19 BC (draws 37)
[gate] 81/100 tasks | RL 22 - 20 BC (draws 37)
[gate] 82/100 tasks | RL 22 - 21 BC (draws 37)
[gate] 83/100 tasks | RL 22 - 21 BC (draws 38)
[gate] 84/100 tasks | RL 22 - 21 BC (draws 39)
[gate] 85/100 tasks | RL 22 - 22 BC (draws 39)
[gate] 86/100 tasks | RL 23 - 22 BC (draws 39)
[gate] 87/100 tasks | RL 23 - 23 BC (draws 39)
[gate] 88/100 tasks | RL 23 - 23 BC (draws 40)
[gate] 89/100 tasks | RL 23 - 23 BC (draws 41)
[gate] 90/100 tasks | RL 24 - 23 BC (draws 41)
[gate] 91/100 tasks | RL 24 - 24 BC (draws 41)
[gate] 92/100 tasks | RL 24 - 25 BC (draws 41)
[gate] 93/100 tasks | RL 24 - 26 BC (draws 41)
[gate] 94/100 tasks | RL 25 - 26 BC (draws 41)
[gate] 95/100 tasks | RL 26 - 26 BC (draws 41)
[gate] 96/100 tasks | RL 26 - 26 BC (draws 42)
[gate] 97/100 tasks | RL 27 - 26 BC (draws 42)
[gate] 98/100 tasks | RL 27 - 26 BC (draws 43)
[gate] 99/100 tasks | RL 27 - 26 BC (draws 44)
[gate] 100/100 tasks | RL 27 - 26 BC (draws 45)

================ SIDEBOARD GATE RESULT ================
tasks played: 100 (skipped illegal: 0) | walltime 20009s
RL wins:  27
BC wins:  26
draws:    45 (ignored)
RL decisive winrate: 50.9% +/- 6.9% (of 53 decisive games)
VERDICT: RL BETTER
